#
# A fatal error has been detected by the Java Runtime Environment:
#
#  EXCEPTION_ACCESS_VIOLATION (0xc0000005) at pc=0x00000000583c248b, pid=7788, tid=8552
#
# JRE version: Java(TM) SE Runtime Environment (7.0_45-b18) (build 1.7.0_45-b18)
# Java VM: Java HotSpot(TM) 64-Bit Server VM (24.45-b08 mixed mode windows-amd64 compressed oops)
# Problematic frame:
# V  [jvm.dll+0x14248b]
#
# Failed to write core dump. Minidumps are not enabled by default on client versions of Windows
#
# If you would like to submit a bug report, please visit:
#   http://bugreport.sun.com/bugreport/crash.jsp
#

---------------  T H R E A D  ---------------

Current thread (0x000000000b95a000):  JavaThread "JDWP Transport Listener: dt_socket" daemon [_thread_in_vm, id=8552, stack(0x000000000d1c0000,0x000000000d2c0000)]

siginfo: ExceptionCode=0xc0000005, reading address 0xffffffffffffffff

Registers:
RAX=0x000000000d2bf401, RBX=0x000000000b95a000, RCX=0x656c003b65003b65, RDX=0x0000000000000000
RSP=0x000000000d2bf3f0, RBP=0x656c003b65003b65, RSI=0x000000000d2bf508, RDI=0x00000000024c80c0
R8 =0x000000000b95a000, R9 =0x0000000000008000, R10=0x0000000000000000, R11=0x000000000d2bf6f3
R12=0x0000000000000000, R13=0x000000000b953788, R14=0x0000000000000000, R15=0x0000000000000000
RIP=0x00000000583c248b, EFLAGS=0x0000000000010206

Top of Stack: (sp=0x000000000d2bf3f0)
0x000000000d2bf3f0:   000000000b95a000 0000000000000005
0x000000000d2bf400:   000000000d2bf4b8 0000000058561039
0x000000000d2bf410:   000000000b95a000 000000005857ebe2
0x000000000d2bf420:   0000000000000000 0000000058188e89
0x000000000d2bf430:   000000000d9c63a8 000000005819265a
0x000000000d2bf440:   000000000b95a000 0000000000000000
0x000000000d2bf450:   0000000000000000 0000000000000000
0x000000000d2bf460:   656c003b65003b65 0000000058191751
0x000000000d2bf470:   000000000d2bf508 000000000d2bf4e0
0x000000000d2bf480:   0000000000000001 000000000d9c63a8
0x000000000d2bf490:   656c003b65003b65 00000000581753b3
0x000000000d2bf4a0:   000000000d2bf5d0 0000000000000001
0x000000000d2bf4b0:   0000000000000001 000000000d9c63a8
0x000000000d2bf4c0:   0000000000000009 0000000000000000
0x000000000d2bf4d0:   0000000000000000 0000000000000000
0x000000000d2bf4e0:   0000000000000001 0000000058175571 

Instructions: (pc=0x00000000583c248b)
0x00000000583c246b:   48 8b 5c 24 30 48 89 47 18 48 83 c4 20 5f c3 cc
0x00000000583c247b:   cc cc cc cc cc 40 53 48 83 ec 20 48 85 c9 74 54
0x00000000583c248b:   48 8b 19 48 85 db 74 4c 48 b8 fe fe fe fe fe fe
0x00000000583c249b:   fe fe 48 3b d8 74 3d 80 3d 8f 87 60 00 00 74 15 


Register to memory mapping:

RAX=0x000000000d2bf401 is pointing into the stack for thread: 0x000000000b95a000
RBX=0x000000000b95a000 is a thread
RCX=0x656c003b65003b65 is an unknown value
RDX=0x0000000000000000 is an unknown value
RSP=0x000000000d2bf3f0 is pointing into the stack for thread: 0x000000000b95a000
RBP=0x656c003b65003b65 is an unknown value
RSI=0x000000000d2bf508 is pointing into the stack for thread: 0x000000000b95a000
RDI=0x00000000024c80c0 is an unknown value
R8 =0x000000000b95a000 is a thread
R9 =0x0000000000008000 is an unknown value
R10=0x0000000000000000 is an unknown value
R11=0x000000000d2bf6f3 is pointing into the stack for thread: 0x000000000b95a000
R12=0x0000000000000000 is an unknown value
R13=0x000000000b953788 is an unknown value
R14=0x0000000000000000 is an unknown value
R15=0x0000000000000000 is an unknown value


Stack: [0x000000000d1c0000,0x000000000d2c0000],  sp=0x000000000d2bf3f0,  free space=1020k
Native frames: (J=compiled Java code, j=interpreted, Vv=VM code, C=native code)
V  [jvm.dll+0x14248b]


---------------  P R O C E S S  ---------------

Java Threads: ( => current thread )
  0x000000000b9cb800 JavaThread "AWT-Windows" daemon [_thread_in_native, id=4472, stack(0x000000000e490000,0x000000000e590000)]
  0x000000000b9ca000 JavaThread "Java2D Disposer" daemon [_thread_blocked, id=3392, stack(0x000000000e290000,0x000000000e390000)]
  0x000000000b989000 JavaThread "Service Thread" daemon [_thread_blocked, id=7380, stack(0x000000000d6c0000,0x000000000d7c0000)]
  0x000000000b97f800 JavaThread "C2 CompilerThread1" daemon [_thread_blocked, id=2812, stack(0x000000000d5c0000,0x000000000d6c0000)]
  0x000000000b97b800 JavaThread "C2 CompilerThread0" daemon [_thread_blocked, id=7272, stack(0x000000000d4c0000,0x000000000d5c0000)]
  0x000000000b96c000 JavaThread "JDWP Command Reader" daemon [_thread_in_native, id=5800, stack(0x000000000d3c0000,0x000000000d4c0000)]
  0x000000000b968000 JavaThread "JDWP Event Helper Thread" daemon [_thread_blocked, id=5892, stack(0x000000000d2c0000,0x000000000d3c0000)]
=>0x000000000b95a000 JavaThread "JDWP Transport Listener: dt_socket" daemon [_thread_in_vm, id=8552, stack(0x000000000d1c0000,0x000000000d2c0000)]
  0x000000000b954000 JavaThread "Attach Listener" daemon [_thread_blocked, id=7416, stack(0x000000000cde0000,0x000000000cee0000)]
  0x000000000b951000 JavaThread "Signal Dispatcher" daemon [_thread_blocked, id=1284, stack(0x000000000cce0000,0x000000000cde0000)]
  0x000000000b91e000 JavaThread "Finalizer" daemon [_thread_blocked, id=8148, stack(0x000000000cbc0000,0x000000000ccc0000)]
  0x000000000b915000 JavaThread "Reference Handler" daemon [_thread_blocked, id=7544, stack(0x000000000cac0000,0x000000000cbc0000)]
  0x0000000002370800 JavaThread "main" [_thread_blocked, id=6648, stack(0x0000000002260000,0x0000000002360000)]

Other Threads:
  0x000000000b90f800 VMThread [stack: 0x000000000c9c0000,0x000000000cac0000] [id=4956]
  0x000000000b996000 WatcherThread [stack: 0x000000000d7c0000,0x000000000d8c0000] [id=4856]

VM state:not at safepoint (normal execution)

VM Mutex/Monitor currently owned by a thread: None

Heap
 PSYoungGen      total 47616K, used 4096K [0x00000007cb680000, 0x00000007ceb80000, 0x0000000800000000)
  eden space 40960K, 10% used [0x00000007cb680000,0x00000007cba80198,0x00000007cde80000)
  from space 6656K, 0% used [0x00000007ce500000,0x00000007ce500000,0x00000007ceb80000)
  to   space 6656K, 0% used [0x00000007cde80000,0x00000007cde80000,0x00000007ce500000)
 ParOldGen       total 107520K, used 0K [0x0000000762400000, 0x0000000768d00000, 0x00000007cb680000)
  object space 107520K, 0% used [0x0000000762400000,0x0000000762400000,0x0000000768d00000)
 PSPermGen       total 21504K, used 5884K [0x000000075d200000, 0x000000075e700000, 0x0000000762400000)
  object space 21504K, 27% used [0x000000075d200000,0x000000075d7bf178,0x000000075e700000)

Card table byte_map: [0x00000000054d0000,0x00000000059f0000] byte_map_base: 0x00000000019e7000

Polling page: 0x0000000000910000

Code Cache  [0x00000000024d0000, 0x0000000002740000, 0x00000000054d0000)
 total_blobs=273 nmethods=1 adapters=233 free_code_cache=48717Kb largest_free_block=49886848

Compilation events (2 events):
Event: 0.125 Thread 0x000000000b97b800    1             java.lang.String::hashCode (55 bytes)
Event: 0.129 Thread 0x000000000b97b800 nmethod 1 0x00000000025398d0 code [0x0000000002539a00, 0x0000000002539b98]

GC Heap History (0 events):
No events

Deoptimization events (0 events):
No events

Internal exceptions (5 events):
Event: 0.021 Thread 0x0000000002370800 Threw 0x00000007cb6907b0 at C:\re\jdk7u45\229\hotspot\src\share\vm\prims\jni.cpp:3991
Event: 0.104 Thread 0x0000000002370800 Threw 0x00000007cb6cd190 at C:\re\jdk7u45\229\hotspot\src\share\vm\prims\jvm.cpp:1244
Event: 0.107 Thread 0x0000000002370800 Threw 0x00000007cb6d28e0 at C:\re\jdk7u45\229\hotspot\src\share\vm\prims\jvm.cpp:1244
Event: 0.116 Thread 0x0000000002370800 Threw 0x00000007cb6db278 at C:\re\jdk7u45\229\hotspot\src\share\vm\prims\jni.cpp:717
Event: 0.132 Thread 0x0000000002370800 Threw 0x00000007cb6f9210 at C:\re\jdk7u45\229\hotspot\src\share\vm\prims\jni.cpp:717

Events (10 events):
Event: 287.752 Executing VM operation: GetCurrentLocation
Event: 287.752 Executing VM operation: GetCurrentLocation done
Event: 287.752 Executing VM operation: EnterInterpOnlyMode
Event: 287.752 Executing VM operation: EnterInterpOnlyMode done
Event: 287.752 Executing VM operation: ChangeSingleStep
Event: 287.752 Executing VM operation: ChangeSingleStep done
Event: 287.752 Executing VM operation: ChangeSingleStep
Event: 287.752 Executing VM operation: ChangeSingleStep done
Event: 287.754 Executing VM operation: RedefineClasses
Event: 287.754 Executing VM operation: RedefineClasses done


Dynamic libraries:
0x00007ff62d030000 - 0x00007ff62d063000 	C:\Program Files\Java\jre7\bin\javaw.exe
0x00007ffd1bd70000 - 0x00007ffd1bf16000 	C:\Windows\SYSTEM32\ntdll.dll
0x00007ffd1b6f0000 - 0x00007ffd1b82a000 	C:\Windows\system32\KERNEL32.DLL
0x00007ffd19210000 - 0x00007ffd1931f000 	C:\Windows\system32\KERNELBASE.dll
0x00007ffd172e0000 - 0x00007ffd17368000 	C:\Windows\system32\apphelp.dll
0x00007ffd15a00000 - 0x00007ffd15a4f000 	C:\Windows\AppPatch\AppPatch64\AcGenral.DLL
0x00007ffd19780000 - 0x00007ffd19827000 	C:\Windows\system32\msvcrt.dll
0x00007ffd18f30000 - 0x00007ffd18f5b000 	C:\Windows\SYSTEM32\SspiCli.dll
0x00007ffd1b900000 - 0x00007ffd1b951000 	C:\Windows\system32\SHLWAPI.dll
0x00007ffd19890000 - 0x00007ffd19a01000 	C:\Windows\system32\USER32.dll
0x00007ffd19600000 - 0x00007ffd19778000 	C:\Windows\system32\ole32.dll
0x00007ffd19d60000 - 0x00007ffd1b16f000 	C:\Windows\system32\SHELL32.dll
0x00007ffd182e0000 - 0x00007ffd182fe000 	C:\Windows\SYSTEM32\USERENV.dll
0x00007ffd19ca0000 - 0x00007ffd19d45000 	C:\Windows\system32\ADVAPI32.dll
0x00007ffd11ab0000 - 0x00007ffd11acb000 	C:\Windows\SYSTEM32\MPR.dll
0x00007ffd1b290000 - 0x00007ffd1b3c7000 	C:\Windows\system32\RPCRT4.dll
0x00007ffd1b170000 - 0x00007ffd1b1c7000 	C:\Windows\SYSTEM32\sechost.dll
0x00007ffd1b510000 - 0x00007ffd1b6e6000 	C:\Windows\SYSTEM32\combase.dll
0x00007ffd1b960000 - 0x00007ffd1baa4000 	C:\Windows\system32\GDI32.dll
0x00007ffd190b0000 - 0x00007ffd190c4000 	C:\Windows\SYSTEM32\profapi.dll
0x00007ffd18770000 - 0x00007ffd1880f000 	C:\Windows\SYSTEM32\SHCORE.dll
0x00007ffd1bb90000 - 0x00007ffd1bbc4000 	C:\Windows\system32\IMM32.DLL
0x00007ffd1b3d0000 - 0x00007ffd1b509000 	C:\Windows\system32\MSCTF.dll
0x00007ffd18bd0000 - 0x00007ffd18e2a000 	C:\Windows\WinSxS\amd64_microsoft.windows.common-controls_6595b64144ccf1df_6.0.9600.17031_none_6242a4b3ecbb55a1\COMCTL32.dll
0x0000000058a50000 - 0x0000000058b22000 	C:\Program Files\Java\jre7\bin\msvcr100.dll
0x0000000058280000 - 0x0000000058a49000 	C:\Program Files\Java\jre7\bin\server\jvm.dll
0x00007ffd08e50000 - 0x00007ffd08e59000 	C:\Windows\SYSTEM32\WSOCK32.dll
0x00007ffd16760000 - 0x00007ffd1677f000 	C:\Windows\SYSTEM32\WINMM.dll
0x00007ffd1b830000 - 0x00007ffd1b837000 	C:\Windows\system32\PSAPI.DLL
0x00007ffd19830000 - 0x00007ffd19888000 	C:\Windows\system32\WS2_32.dll
0x00007ffd16570000 - 0x00007ffd1659a000 	C:\Windows\SYSTEM32\WINMMBASE.dll
0x00007ffd1bb10000 - 0x00007ffd1bb19000 	C:\Windows\system32\NSI.dll
0x00007ffd191c0000 - 0x00007ffd1920a000 	C:\Windows\SYSTEM32\cfgmgr32.dll
0x00007ffd17540000 - 0x00007ffd17566000 	C:\Windows\SYSTEM32\DEVOBJ.dll
0x0000000058270000 - 0x000000005827f000 	C:\Program Files\Java\jre7\bin\verify.dll
0x0000000058240000 - 0x0000000058268000 	C:\Program Files\Java\jre7\bin\java.dll
0x0000000058170000 - 0x00000000581a5000 	C:\Program Files\Java\jre7\bin\jdwp.dll
0x0000000058160000 - 0x0000000058168000 	C:\Program Files\Java\jre7\bin\npt.dll
0x0000000058220000 - 0x0000000058235000 	C:\Program Files\Java\jre7\bin\zip.dll
0x0000000058150000 - 0x0000000058159000 	C:\Program Files\Java\jre7\bin\dt_socket.dll
0x00007ffd0de90000 - 0x00007ffd0dea4000 	C:\Windows\system32\napinsp.dll
0x00007ffd0de70000 - 0x00007ffd0de89000 	C:\Windows\system32\pnrpnsp.dll
0x00007ffd161b0000 - 0x00007ffd161c9000 	C:\Windows\system32\NLAapi.dll
0x00007ffd18530000 - 0x00007ffd18588000 	C:\Windows\System32\mswsock.dll
0x00007ffd18340000 - 0x00007ffd183e3000 	C:\Windows\SYSTEM32\DNSAPI.dll
0x00007ffd0de60000 - 0x00007ffd0de6c000 	C:\Windows\System32\winrnr.dll
0x00007ffd148c0000 - 0x00007ffd14928000 	C:\Windows\System32\fwpuclnt.dll
0x00007ffd0de50000 - 0x00007ffd0de59000 	C:\Windows\System32\rasadhlp.dll
0x0000000057fb0000 - 0x0000000058145000 	C:\Program Files\Java\jre7\bin\awt.dll
0x00007ffd1b840000 - 0x00007ffd1b8f7000 	C:\Windows\system32\OLEAUT32.dll
0x00007ffd16e50000 - 0x00007ffd16e70000 	C:\Windows\system32\DWMAPI.DLL
0x00007ffd16d20000 - 0x00007ffd16e41000 	C:\Windows\system32\uxtheme.dll
0x00007ffd17530000 - 0x00007ffd1753a000 	C:\Windows\SYSTEM32\kernel.appcore.dll
0x00007ffd190d0000 - 0x00007ffd190da000 	C:\Windows\SYSTEM32\CRYPTBASE.dll
0x00007ffd18f60000 - 0x00007ffd18fc0000 	C:\Windows\SYSTEM32\bcryptPrimitives.dll
0x00007ffd0aa50000 - 0x00007ffd0ac58000 	C:\Windows\system32\d3d9.dll
0x00007ffd17970000 - 0x00007ffd1797a000 	C:\Windows\SYSTEM32\VERSION.dll
0x00007ffd15b80000 - 0x00007ffd15cc4000 	C:\Windows\SYSTEM32\aticfx64.dll
0x00007ffce6600000 - 0x00007ffce6620000 	C:\Windows\SYSTEM32\atiu9p64.dll
0x00007ffce5e90000 - 0x00007ffce65f1000 	C:\Windows\SYSTEM32\atiumd64.dll
0x0000000058b30000 - 0x00000000593bd000 	C:\Windows\SYSTEM32\atiumd6a.dll
0x00007ffce91d0000 - 0x00007ffce9358000 	C:\Windows\SYSTEM32\dbghelp.dll

VM Arguments:
jvm_args: -agentlib:jdwp=transport=dt_socket,suspend=y,address=localhost:57555 -Dfile.encoding=Cp1251 
java_command: Main
Launcher Type: SUN_STANDARD

Environment Variables:
PATH=C:\Program Files (x86)\NVIDIA Corporation\PhysX\Common;C:\Windows\system32;C:\Windows;C:\Windows\System32\Wbem;C:\Windows\System32\WindowsPowerShell\v1.0\;C:\Program Files (x86)\ATI Technologies\ATI.ACE\Core-Static;C:\Program Files (x86)\Intel\OpenCL SDK\2.0\bin\x86;C:\Program Files (x86)\Intel\OpenCL SDK\2.0\bin\x64;C:\Program Files (x86)\Estonian ID Card\
USERNAME=letasik
OS=Windows_NT
PROCESSOR_IDENTIFIER=Intel64 Family 6 Model 42 Stepping 7, GenuineIntel



---------------  S Y S T E M  ---------------

OS: Windows 8 , 64 bit Build 9200 

CPU:total 4 (4 cores per cpu, 1 threads per core) family 6 model 42 stepping 7, cmov, cx8, fxsr, mmx, sse, sse2, sse3, ssse3, sse4.1, sse4.2, popcnt, avx, aes, tsc, tscinvbit

Memory: 4k page, physical 10335404k(7687480k free), swap 11580588k(7982724k free)

vm_info: Java HotSpot(TM) 64-Bit Server VM (24.45-b08) for windows-amd64 JRE (1.7.0_45-b18), built on Oct  8 2013 05:47:22 by "java_re" with unknown MS VC++:1600

time: Wed Nov 05 21:27:36 2014
elapsed time: 287 seconds

